<?xml version="1.0" encoding="UTF-8"?>
<testng-results ignored="0" total="1" passed="1" failed="0" skipped="0">
  <reporter-output>
  </reporter-output>
  <suite started-at="2024-01-05T00:24:04 EST" name="Default suite" finished-at="2024-01-05T00:24:09 EST" duration-ms="5197">
    <groups>
    </groups>
    <test started-at="2024-01-05T00:24:04 EST" name="Default test" finished-at="2024-01-05T00:24:09 EST" duration-ms="5197">
      <class name="com.dahal1.testcases.Form">
        <test-method is-config="true" signature="setupBrowser()[pri:0, instance:com.dahal1.testcases.Form@51c668e3]" started-at="2024-01-05T00:24:04 EST" name="setupBrowser" finished-at="2024-01-05T00:24:08 EST" duration-ms="3950" status="PASS">
          <reporter-output>
          </reporter-output>
        </test-method> <!-- setupBrowser -->
        <test-method signature="formAutomation()[pri:0, instance:com.dahal1.testcases.Form@51c668e3]" started-at="2024-01-05T00:24:08 EST" name="formAutomation" finished-at="2024-01-05T00:24:09 EST" duration-ms="1087" status="PASS">
          <reporter-output>
          </reporter-output>
        </test-method> <!-- formAutomation -->
        <test-method is-config="true" signature="tearDown()[pri:0, instance:com.dahal1.testcases.Form@51c668e3]" started-at="2024-01-05T00:24:09 EST" name="tearDown" finished-at="2024-01-05T00:24:09 EST" duration-ms="119" status="PASS">
          <reporter-output>
          </reporter-output>
        </test-method> <!-- tearDown -->
      </class> <!-- com.dahal1.testcases.Form -->
    </test> <!-- Default test -->
  </suite> <!-- Default suite -->
</testng-results>
